# JRE version: Java(TM) SE Runtime Environment (17.0.6+9) (build 17.0.6+9-LTS-190)
# Java VM: Java HotSpot(TM) 64-Bit Server VM (17.0.6+9-LTS-190, mixed mode, sharing, tiered, compressed oops, compressed class ptrs, g1 gc, windows-amd64)
GC Precious Log:
 CPUs: 4 total, 4 available
 Memory: 8074M
 Large Page Support: Disabled
 NUMA Support: Disabled
 Compressed Oops: Enabled (32-bit)
 Heap Region Size: 1M
 Heap Min Capacity: 8M
 Heap Initial Capacity: 128M
 Heap Max Capacity: 2020M
 Pre-touch: Disabled
 Parallel Workers: 4
 Concurrent Workers: 1
 Concurrent Refinement Workers: 4
 Periodic GC: Disabled
Heap:
 garbage-first heap   total 61440K, used 34735K [0x0000000081c00000, 0x0000000100000000)
  region size 1024K, 11 young (11264K), 3 survivors (3072K)
 Metaspace       used 63983K, committed 64576K, reserved 1105920K
  class space    used 8682K, committed 8960K, reserved 1048576K
GC Heap History (20 events):
Event: 5.652 GC heap before
{Heap before GC invocations=5 (full 0):
 garbage-first heap   total 51200K, used 37739K [0x0000000081c00000, 0x0000000100000000)
  region size 1024K, 30 young (30720K), 7 survivors (7168K)
 Metaspace       used 24753K, committed 25152K, reserved 1073152K
  class space    used 3210K, committed 3392K, reserved 1048576K
}
Event: 5.669 GC heap after
{Heap after GC invocations=6 (full 0):
 garbage-first heap   total 51200K, used 15844K [0x0000000081c00000, 0x0000000100000000)
  region size 1024K, 2 young (2048K), 2 survivors (2048K)
 Metaspace       used 24753K, committed 25152K, reserved 1073152K
  class space    used 3210K, committed 3392K, reserved 1048576K
}
Event: 5.711 GC heap before
{Heap before GC invocations=6 (full 0):
 garbage-first heap   total 51200K, used 16868K [0x0000000081c00000, 0x0000000100000000)
  region size 1024K, 3 young (3072K), 2 survivors (2048K)
 Metaspace       used 25023K, committed 25344K, reserved 1073152K
  class space    used 3246K, committed 3392K, reserved 1048576K
}
Event: 5.716 GC heap after
{Heap after GC invocations=7 (full 0):
 garbage-first heap   total 61440K, used 16357K [0x0000000081c00000, 0x0000000100000000)
  region size 1024K, 1 young (1024K), 1 survivors (1024K)
 Metaspace       used 25023K, committed 25344K, reserved 1073152K
  class space    used 3246K, committed 3392K, reserved 1048576K
}
Event: 6.866 GC heap before
{Heap before GC invocations=7 (full 0):
 garbage-first heap   total 61440K, used 42981K [0x0000000081c00000, 0x0000000100000000)
  region size 1024K, 27 young (27648K), 1 survivors (1024K)
 Metaspace       used 29843K, committed 30208K, reserved 1081344K
  class space    used 3901K, committed 4096K, reserved 1048576K
}
Event: 6.871 GC heap after
{Heap after GC invocations=8 (full 0):
 garbage-first heap   total 61440K, used 18824K [0x0000000081c00000, 0x0000000100000000)
  region size 1024K, 3 young (3072K), 3 survivors (3072K)
 Metaspace       used 29843K, committed 30208K, reserved 1081344K
  class space    used 3901K, committed 4096K, reserved 1048576K
}
Event: 7.715 GC heap before
{Heap before GC invocations=8 (full 0):
 garbage-first heap   total 61440K, used 44424K [0x0000000081c00000, 0x0000000100000000)
  region size 1024K, 28 young (28672K), 3 survivors (3072K)
 Metaspace       used 33592K, committed 34048K, reserved 1081344K
  class space    used 4278K, committed 4480K, reserved 1048576K
}
Event: 7.722 GC heap after
{Heap after GC invocations=9 (full 0):
 garbage-first heap   total 61440K, used 20420K [0x0000000081c00000, 0x0000000100000000)
  region size 1024K, 2 young (2048K), 2 survivors (2048K)
 Metaspace       used 33592K, committed 34048K, reserved 1081344K
  class space    used 4278K, committed 4480K, reserved 1048576K
}
Event: 8.199 GC heap before
{Heap before GC invocations=9 (full 0):
 garbage-first heap   total 61440K, used 32708K [0x0000000081c00000, 0x0000000100000000)
  region size 1024K, 16 young (16384K), 2 survivors (2048K)
 Metaspace       used 35667K, committed 36096K, reserved 1081344K
  class space    used 4546K, committed 4800K, reserved 1048576K
}
Event: 8.204 GC heap after
{Heap after GC invocations=10 (full 0):
 garbage-first heap   total 61440K, used 20959K [0x0000000081c00000, 0x0000000100000000)
  region size 1024K, 3 young (3072K), 3 survivors (3072K)
 Metaspace       used 35667K, committed 36096K, reserved 1081344K
  class space    used 4546K, committed 4800K, reserved 1048576K
}
Event: 9.284 GC heap before
{Heap before GC invocations=11 (full 0):
 garbage-first heap   total 61440K, used 44511K [0x0000000081c00000, 0x0000000100000000)
  region size 1024K, 27 young (27648K), 3 survivors (3072K)
 Metaspace       used 42171K, committed 42624K, reserved 1089536K
  class space    used 5485K, committed 5696K, reserved 1048576K
}
Event: 9.290 GC heap after
{Heap after GC invocations=12 (full 0):
 garbage-first heap   total 61440K, used 22553K [0x0000000081c00000, 0x0000000100000000)
  region size 1024K, 3 young (3072K), 3 survivors (3072K)
 Metaspace       used 42171K, committed 42624K, reserved 1089536K
  class space    used 5485K, committed 5696K, reserved 1048576K
}
Event: 10.602 GC heap before
{Heap before GC invocations=12 (full 0):
 garbage-first heap   total 61440K, used 46105K [0x0000000081c00000, 0x0000000100000000)
  region size 1024K, 27 young (27648K), 3 survivors (3072K)
 Metaspace       used 50660K, committed 51200K, reserved 1097728K
  class space    used 6595K, committed 6848K, reserved 1048576K
}
Event: 10.609 GC heap after
{Heap after GC invocations=13 (full 0):
 garbage-first heap   total 61440K, used 24829K [0x0000000081c00000, 0x0000000100000000)
  region size 1024K, 4 young (4096K), 4 survivors (4096K)
 Metaspace       used 50660K, committed 51200K, reserved 1097728K
  class space    used 6595K, committed 6848K, reserved 1048576K
}
Event: 11.432 GC heap before
{Heap before GC invocations=13 (full 0):
 garbage-first heap   total 61440K, used 46333K [0x0000000081c00000, 0x0000000100000000)
  region size 1024K, 26 young (26624K), 4 survivors (4096K)
 Metaspace       used 57156K, committed 57728K, reserved 1105920K
  class space    used 7656K, committed 7936K, reserved 1048576K
}
Event: 11.439 GC heap after
{Heap after GC invocations=14 (full 0):
 garbage-first heap   total 61440K, used 25759K [0x0000000081c00000, 0x0000000100000000)
  region size 1024K, 2 young (2048K), 2 survivors (2048K)
 Metaspace       used 57156K, committed 57728K, reserved 1105920K
  class space    used 7656K, committed 7936K, reserved 1048576K
}
Event: 11.845 GC heap before
{Heap before GC invocations=14 (full 0):
 garbage-first heap   total 61440K, used 35999K [0x0000000081c00000, 0x0000000100000000)
  region size 1024K, 13 young (13312K), 2 survivors (2048K)
 Metaspace       used 59923K, committed 60416K, reserved 1105920K
  class space    used 8075K, committed 8320K, reserved 1048576K
}
Event: 11.849 GC heap after
{Heap after GC invocations=15 (full 0):
 garbage-first heap   total 61440K, used 26047K [0x0000000081c00000, 0x0000000100000000)
  region size 1024K, 2 young (2048K), 2 survivors (2048K)
 Metaspace       used 59923K, committed 60416K, reserved 1105920K
  class space    used 8075K, committed 8320K, reserved 1048576K
}
Event: 12.537 GC heap before
{Heap before GC invocations=16 (full 0):
 garbage-first heap   total 61440K, used 49599K [0x0000000081c00000, 0x0000000100000000)
  region size 1024K, 25 young (25600K), 2 survivors (2048K)
 Metaspace       used 63140K, committed 63680K, reserved 1105920K
  class space    used 8548K, committed 8832K, reserved 1048576K
}
Event: 12.544 GC heap after
{Heap after GC invocations=17 (full 0):
 garbage-first heap   total 61440K, used 27567K [0x0000000081c00000, 0x0000000100000000)
  region size 1024K, 3 young (3072K), 3 survivors (3072K)
 Metaspace       used 63140K, committed 63680K, reserved 1105920K
  class space    used 8548K, committed 8832K, reserved 1048576K
}

