# JRE version: Java(TM) SE Runtime Environment (17.0.6+9) (build 17.0.6+9-LTS-190)
# Java VM: Java HotSpot(TM) 64-Bit Server VM (17.0.6+9-LTS-190, mixed mode, sharing, tiered, compressed oops, compressed class ptrs, g1 gc, windows-amd64)
GC Precious Log:
 CPUs: 4 total, 4 available
 Memory: 8074M
 Large Page Support: Disabled
 NUMA Support: Disabled
 Compressed Oops: Enabled (32-bit)
 Heap Region Size: 1M
 Heap Min Capacity: 8M
 Heap Initial Capacity: 128M
 Heap Max Capacity: 2020M
 Pre-touch: Disabled
 Parallel Workers: 4
 Concurrent Workers: 1
 Concurrent Refinement Workers: 4
 Periodic GC: Disabled
Heap:
 garbage-first heap   total 66560K, used 42424K [0x0000000081c00000, 0x0000000100000000)
  region size 1024K, 10 young (10240K), 3 survivors (3072K)
 Metaspace       used 83376K, committed 83968K, reserved 1122304K
  class space    used 10830K, committed 11136K, reserved 1048576K
GC Heap History (20 events):
Event: 10.900 GC heap before
{Heap before GC invocations=15 (full 0):
 garbage-first heap   total 51200K, used 40360K [0x0000000081c00000, 0x0000000100000000)
  region size 1024K, 17 young (17408K), 2 survivors (2048K)
 Metaspace       used 56374K, committed 56896K, reserved 1097728K
  class space    used 7520K, committed 7808K, reserved 1048576K
}
Event: 10.906 GC heap after
{Heap after GC invocations=16 (full 0):
 garbage-first heap   total 51200K, used 25217K [0x0000000081c00000, 0x0000000100000000)
  region size 1024K, 2 young (2048K), 2 survivors (2048K)
 Metaspace       used 56374K, committed 56896K, reserved 1097728K
  class space    used 7520K, committed 7808K, reserved 1048576K
}
Event: 11.561 GC heap before
{Heap before GC invocations=17 (full 0):
 garbage-first heap   total 51200K, used 40577K [0x0000000081c00000, 0x0000000100000000)
  region size 1024K, 18 young (18432K), 2 survivors (2048K)
 Metaspace       used 60032K, committed 60608K, reserved 1105920K
  class space    used 8158K, committed 8448K, reserved 1048576K
}
Event: 11.567 GC heap after
{Heap after GC invocations=18 (full 0):
 garbage-first heap   total 51200K, used 25966K [0x0000000081c00000, 0x0000000100000000)
  region size 1024K, 2 young (2048K), 2 survivors (2048K)
 Metaspace       used 60032K, committed 60608K, reserved 1105920K
  class space    used 8158K, committed 8448K, reserved 1048576K
}
Event: 12.062 GC heap before
{Heap before GC invocations=18 (full 0):
 garbage-first heap   total 51200K, used 40302K [0x0000000081c00000, 0x0000000100000000)
  region size 1024K, 17 young (17408K), 2 survivors (2048K)
 Metaspace       used 62848K, committed 63360K, reserved 1105920K
  class space    used 8487K, committed 8768K, reserved 1048576K
}
Event: 12.068 GC heap after
{Heap after GC invocations=19 (full 0):
 garbage-first heap   total 61440K, used 27314K [0x0000000081c00000, 0x0000000100000000)
  region size 1024K, 3 young (3072K), 3 survivors (3072K)
 Metaspace       used 62848K, committed 63360K, reserved 1105920K
  class space    used 8487K, committed 8768K, reserved 1048576K
}
Event: 12.952 GC heap before
{Heap before GC invocations=20 (full 0):
 garbage-first heap   total 61440K, used 48818K [0x0000000081c00000, 0x0000000100000000)
  region size 1024K, 24 young (24576K), 3 survivors (3072K)
 Metaspace       used 65263K, committed 65792K, reserved 1114112K
  class space    used 8883K, committed 9152K, reserved 1048576K
}
Event: 12.959 GC heap after
{Heap after GC invocations=21 (full 0):
 garbage-first heap   total 61440K, used 28519K [0x0000000081c00000, 0x0000000100000000)
  region size 1024K, 3 young (3072K), 3 survivors (3072K)
 Metaspace       used 65263K, committed 65792K, reserved 1114112K
  class space    used 8883K, committed 9152K, reserved 1048576K
}
Event: 13.695 GC heap before
{Heap before GC invocations=21 (full 0):
 garbage-first heap   total 61440K, used 50023K [0x0000000081c00000, 0x0000000100000000)
  region size 1024K, 24 young (24576K), 3 survivors (3072K)
 Metaspace       used 67824K, committed 68288K, reserved 1114112K
  class space    used 9235K, committed 9472K, reserved 1048576K
}
Event: 13.704 GC heap after
{Heap after GC invocations=22 (full 0):
 garbage-first heap   total 61440K, used 30855K [0x0000000081c00000, 0x0000000100000000)
  region size 1024K, 3 young (3072K), 3 survivors (3072K)
 Metaspace       used 67824K, committed 68288K, reserved 1114112K
  class space    used 9235K, committed 9472K, reserved 1048576K
}
Event: 39.794 GC heap before
{Heap before GC invocations=22 (full 0):
 garbage-first heap   total 61440K, used 49287K [0x0000000081c00000, 0x0000000100000000)
  region size 1024K, 21 young (21504K), 3 survivors (3072K)
 Metaspace       used 70582K, committed 71168K, reserved 1114112K
  class space    used 9599K, committed 9856K, reserved 1048576K
}
Event: 39.803 GC heap after
{Heap after GC invocations=23 (full 0):
 garbage-first heap   total 61440K, used 32406K [0x0000000081c00000, 0x0000000100000000)
  region size 1024K, 2 young (2048K), 2 survivors (2048K)
 Metaspace       used 70582K, committed 71168K, reserved 1114112K
  class space    used 9599K, committed 9856K, reserved 1048576K
}
Event: 40.467 GC heap before
{Heap before GC invocations=24 (full 0):
 garbage-first heap   total 63488K, used 48790K [0x0000000081c00000, 0x0000000100000000)
  region size 1024K, 19 young (19456K), 2 survivors (2048K)
 Metaspace       used 74634K, committed 75264K, reserved 1114112K
  class space    used 9896K, committed 10176K, reserved 1048576K
}
Event: 40.474 GC heap after
{Heap after GC invocations=25 (full 0):
 garbage-first heap   total 63488K, used 33497K [0x0000000081c00000, 0x0000000100000000)
  region size 1024K, 3 young (3072K), 3 survivors (3072K)
 Metaspace       used 74634K, committed 75264K, reserved 1114112K
  class space    used 9896K, committed 10176K, reserved 1048576K
}
Event: 41.038 GC heap before
{Heap before GC invocations=25 (full 0):
 garbage-first heap   total 63488K, used 49881K [0x0000000081c00000, 0x0000000100000000)
  region size 1024K, 20 young (20480K), 3 survivors (3072K)
 Metaspace       used 78305K, committed 78848K, reserved 1122304K
  class space    used 10228K, committed 10496K, reserved 1048576K
}
Event: 41.045 GC heap after
{Heap after GC invocations=26 (full 0):
 garbage-first heap   total 63488K, used 34732K [0x0000000081c00000, 0x0000000100000000)
  region size 1024K, 3 young (3072K), 3 survivors (3072K)
 Metaspace       used 78305K, committed 78848K, reserved 1122304K
  class space    used 10228K, committed 10496K, reserved 1048576K
}
Event: 46.838 GC heap before
{Heap before GC invocations=27 (full 0):
 garbage-first heap   total 63488K, used 50092K [0x0000000081c00000, 0x0000000100000000)
  region size 1024K, 19 young (19456K), 3 survivors (3072K)
 Metaspace       used 82237K, committed 82880K, reserved 1122304K
  class space    used 10764K, committed 11072K, reserved 1048576K
}
Event: 46.845 GC heap after
{Heap after GC invocations=28 (full 0):
 garbage-first heap   total 63488K, used 35298K [0x0000000081c00000, 0x0000000100000000)
  region size 1024K, 2 young (2048K), 2 survivors (2048K)
 Metaspace       used 82237K, committed 82880K, reserved 1122304K
  class space    used 10764K, committed 11072K, reserved 1048576K
}
Event: 52.311 GC heap before
{Heap before GC invocations=28 (full 0):
 garbage-first heap   total 63488K, used 51682K [0x0000000081c00000, 0x0000000100000000)
  region size 1024K, 18 young (18432K), 2 survivors (2048K)
 Metaspace       used 82891K, committed 83520K, reserved 1122304K
  class space    used 10808K, committed 11136K, reserved 1048576K
}
Event: 52.315 GC heap after
{Heap after GC invocations=29 (full 0):
 garbage-first heap   total 63488K, used 36280K [0x0000000081c00000, 0x0000000100000000)
  region size 1024K, 3 young (3072K), 3 survivors (3072K)
 Metaspace       used 82891K, committed 83520K, reserved 1122304K
  class space    used 10808K, committed 11136K, reserved 1048576K
}

